The system is: Linux - 4.19.72-gentoo - x86_64
Compiling the C compiler identification source file "CMakeCCompilerId.c" succeeded.
Compiler: /usr/bin/cc 
Build flags: 
Id flags:  

The output was:
0


Compilation of the C compiler identification source "CMakeCCompilerId.c" produced "a.out"

The C compiler identification is GNU, found in "/home/jbguerraz/Sources/libcmmk/build/CMakeFiles/3.14.6/CompilerIdC/a.out"

Determining if the C compiler works passed with the following output:
Change Dir: /home/jbguerraz/Sources/libcmmk/build/CMakeFiles/CMakeTmp

Run Build Command(s):/usr/bin/gmake cmTC_cd177/fast 
/usr/bin/gmake -f CMakeFiles/cmTC_cd177.dir/build.make CMakeFiles/cmTC_cd177.dir/build
gmake[1]: Entering directory '/home/jbguerraz/Sources/libcmmk/build/CMakeFiles/CMakeTmp'
Building C object CMakeFiles/cmTC_cd177.dir/testCCompiler.c.o
/usr/bin/cc    -o CMakeFiles/cmTC_cd177.dir/testCCompiler.c.o   -c /home/jbguerraz/Sources/libcmmk/build/CMakeFiles/CMakeTmp/testCCompiler.c
Linking C executable cmTC_cd177
/usr/bin/cmake -E cmake_link_script CMakeFiles/cmTC_cd177.dir/link.txt --verbose=1
/usr/bin/cc      -rdynamic CMakeFiles/cmTC_cd177.dir/testCCompiler.c.o  -o cmTC_cd177 
gmake[1]: Leaving directory '/home/jbguerraz/Sources/libcmmk/build/CMakeFiles/CMakeTmp'


Detecting C compiler ABI info compiled with the following output:
Change Dir: /home/jbguerraz/Sources/libcmmk/build/CMakeFiles/CMakeTmp

Run Build Command(s):/usr/bin/gmake cmTC_9ecca/fast 
/usr/bin/gmake -f CMakeFiles/cmTC_9ecca.dir/build.make CMakeFiles/cmTC_9ecca.dir/build
gmake[1]: Entering directory '/home/jbguerraz/Sources/libcmmk/build/CMakeFiles/CMakeTmp'
Building C object CMakeFiles/cmTC_9ecca.dir/CMakeCCompilerABI.c.o
/usr/bin/cc   -v -o CMakeFiles/cmTC_9ecca.dir/CMakeCCompilerABI.c.o   -c /usr/share/cmake/Modules/CMakeCCompilerABI.c
Using built-in specs.
COLLECT_GCC=/usr/bin/cc
Target: x86_64-pc-linux-gnu
Configured with: /var/tmp/portage/sys-devel/gcc-8.3.0-r1/work/gcc-8.3.0/configure --host=x86_64-pc-linux-gnu --build=x86_64-pc-linux-gnu --prefix=/usr --bindir=/usr/x86_64-pc-linux-gnu/gcc-bin/8.3.0 --includedir=/usr/lib/gcc/x86_64-pc-linux-gnu/8.3.0/include --datadir=/usr/share/gcc-data/x86_64-pc-linux-gnu/8.3.0 --mandir=/usr/share/gcc-data/x86_64-pc-linux-gnu/8.3.0/man --infodir=/usr/share/gcc-data/x86_64-pc-linux-gnu/8.3.0/info --with-gxx-include-dir=/usr/lib/gcc/x86_64-pc-linux-gnu/8.3.0/include/g++-v8 --with-python-dir=/share/gcc-data/x86_64-pc-linux-gnu/8.3.0/python --enable-languages=c,c++,fortran --enable-obsolete --enable-secureplt --disable-werror --with-system-zlib --enable-nls --without-included-gettext --enable-checking=release --with-bugurl=https://bugs.gentoo.org/ --with-pkgversion='Gentoo 8.3.0-r1 p1.1' --disable-esp --enable-libstdcxx-time --enable-shared --enable-threads=posix --enable-__cxa_atexit --enable-clocale=gnu --enable-multilib --with-multilib-list=m32,m64 --disable-altivec --disable-fixed-point --enable-targets=all --enable-libgomp --disable-libmudflap --disable-libssp --disable-libmpx --disable-systemtap --enable-vtable-verify --enable-lto --without-isl --enable-default-pie --enable-default-ssp
Thread model: posix
gcc version 8.3.0 (Gentoo 8.3.0-r1 p1.1) 
COLLECT_GCC_OPTIONS='-v' '-o' 'CMakeFiles/cmTC_9ecca.dir/CMakeCCompilerABI.c.o' '-c' '-mtune=generic' '-march=x86-64'
 /usr/libexec/gcc/x86_64-pc-linux-gnu/8.3.0/cc1 -quiet -v /usr/share/cmake/Modules/CMakeCCompilerABI.c -quiet -dumpbase CMakeCCompilerABI.c -mtune=generic -march=x86-64 -auxbase-strip CMakeFiles/cmTC_9ecca.dir/CMakeCCompilerABI.c.o -version -o /tmp/cc5SzquB.s
GNU C17 (Gentoo 8.3.0-r1 p1.1) version 8.3.0 (x86_64-pc-linux-gnu)
	compiled by GNU C version 8.3.0, GMP version 6.1.2, MPFR version 4.0.2, MPC version 1.1.0, isl version none
GGC heuristics: --param ggc-min-expand=100 --param ggc-min-heapsize=131072
ignoring nonexistent directory "/usr/local/include"
ignoring nonexistent directory "/usr/lib/gcc/x86_64-pc-linux-gnu/8.3.0/../../../../x86_64-pc-linux-gnu/include"
#include "..." search starts here:
#include <...> search starts here:
 /usr/lib/gcc/x86_64-pc-linux-gnu/8.3.0/include
 /usr/lib/gcc/x86_64-pc-linux-gnu/8.3.0/include-fixed
 /usr/include
End of search list.
GNU C17 (Gentoo 8.3.0-r1 p1.1) version 8.3.0 (x86_64-pc-linux-gnu)
	compiled by GNU C version 8.3.0, GMP version 6.1.2, MPFR version 4.0.2, MPC version 1.1.0, isl version none
GGC heuristics: --param ggc-min-expand=100 --param ggc-min-heapsize=131072
Compiler executable checksum: a442ffd29fec8a02e8f5d3a6d825b1da
COLLECT_GCC_OPTIONS='-v' '-o' 'CMakeFiles/cmTC_9ecca.dir/CMakeCCompilerABI.c.o' '-c' '-mtune=generic' '-march=x86-64'
 /usr/lib/gcc/x86_64-pc-linux-gnu/8.3.0/../../../../x86_64-pc-linux-gnu/bin/as -v --64 -o CMakeFiles/cmTC_9ecca.dir/CMakeCCompilerABI.c.o /tmp/cc5SzquB.s
GNU assembler version 2.31.1 (x86_64-pc-linux-gnu) using BFD version (Gentoo 2.31.1 p5) 2.31.1
COMPILER_PATH=/usr/libexec/gcc/x86_64-pc-linux-gnu/8.3.0/:/usr/libexec/gcc/x86_64-pc-linux-gnu/8.3.0/:/usr/libexec/gcc/x86_64-pc-linux-gnu/:/usr/lib/gcc/x86_64-pc-linux-gnu/8.3.0/:/usr/lib/gcc/x86_64-pc-linux-gnu/:/usr/lib/gcc/x86_64-pc-linux-gnu/8.3.0/../../../../x86_64-pc-linux-gnu/bin/
LIBRARY_PATH=/usr/lib/gcc/x86_64-pc-linux-gnu/8.3.0/:/usr/lib/gcc/x86_64-pc-linux-gnu/8.3.0/../../../../lib64/:/lib/../lib64/:/usr/lib/../lib64/:/usr/lib/gcc/x86_64-pc-linux-gnu/8.3.0/../../../../x86_64-pc-linux-gnu/lib/:/usr/lib/gcc/x86_64-pc-linux-gnu/8.3.0/../../../:/lib/:/usr/lib/
COLLECT_GCC_OPTIONS='-v' '-o' 'CMakeFiles/cmTC_9ecca.dir/CMakeCCompilerABI.c.o' '-c' '-mtune=generic' '-march=x86-64'
Linking C executable cmTC_9ecca
/usr/bin/cmake -E cmake_link_script CMakeFiles/cmTC_9ecca.dir/link.txt --verbose=1
/usr/bin/cc     -v -rdynamic CMakeFiles/cmTC_9ecca.dir/CMakeCCompilerABI.c.o  -o cmTC_9ecca 
Using built-in specs.
COLLECT_GCC=/usr/bin/cc
COLLECT_LTO_WRAPPER=/usr/libexec/gcc/x86_64-pc-linux-gnu/8.3.0/lto-wrapper
Target: x86_64-pc-linux-gnu
Configured with: /var/tmp/portage/sys-devel/gcc-8.3.0-r1/work/gcc-8.3.0/configure --host=x86_64-pc-linux-gnu --build=x86_64-pc-linux-gnu --prefix=/usr --bindir=/usr/x86_64-pc-linux-gnu/gcc-bin/8.3.0 --includedir=/usr/lib/gcc/x86_64-pc-linux-gnu/8.3.0/include --datadir=/usr/share/gcc-data/x86_64-pc-linux-gnu/8.3.0 --mandir=/usr/share/gcc-data/x86_64-pc-linux-gnu/8.3.0/man --infodir=/usr/share/gcc-data/x86_64-pc-linux-gnu/8.3.0/info --with-gxx-include-dir=/usr/lib/gcc/x86_64-pc-linux-gnu/8.3.0/include/g++-v8 --with-python-dir=/share/gcc-data/x86_64-pc-linux-gnu/8.3.0/python --enable-languages=c,c++,fortran --enable-obsolete --enable-secureplt --disable-werror --with-system-zlib --enable-nls --without-included-gettext --enable-checking=release --with-bugurl=https://bugs.gentoo.org/ --with-pkgversion='Gentoo 8.3.0-r1 p1.1' --disable-esp --enable-libstdcxx-time --enable-shared --enable-threads=posix --enable-__cxa_atexit --enable-clocale=gnu --enable-multilib --with-multilib-list=m32,m64 --disable-altivec --disable-fixed-point --enable-targets=all --enable-libgomp --disable-libmudflap --disable-libssp --disable-libmpx --disable-systemtap --enable-vtable-verify --enable-lto --without-isl --enable-default-pie --enable-default-ssp
Thread model: posix
gcc version 8.3.0 (Gentoo 8.3.0-r1 p1.1) 
COMPILER_PATH=/usr/libexec/gcc/x86_64-pc-linux-gnu/8.3.0/:/usr/libexec/gcc/x86_64-pc-linux-gnu/8.3.0/:/usr/libexec/gcc/x86_64-pc-linux-gnu/:/usr/lib/gcc/x86_64-pc-linux-gnu/8.3.0/:/usr/lib/gcc/x86_64-pc-linux-gnu/:/usr/lib/gcc/x86_64-pc-linux-gnu/8.3.0/../../../../x86_64-pc-linux-gnu/bin/
LIBRARY_PATH=/usr/lib/gcc/x86_64-pc-linux-gnu/8.3.0/:/usr/lib/gcc/x86_64-pc-linux-gnu/8.3.0/../../../../lib64/:/lib/../lib64/:/usr/lib/../lib64/:/usr/lib/gcc/x86_64-pc-linux-gnu/8.3.0/../../../../x86_64-pc-linux-gnu/lib/:/usr/lib/gcc/x86_64-pc-linux-gnu/8.3.0/../../../:/lib/:/usr/lib/
COLLECT_GCC_OPTIONS='-v' '-rdynamic' '-o' 'cmTC_9ecca' '-mtune=generic' '-march=x86-64'
 /usr/libexec/gcc/x86_64-pc-linux-gnu/8.3.0/collect2 -plugin /usr/libexec/gcc/x86_64-pc-linux-gnu/8.3.0/liblto_plugin.so -plugin-opt=/usr/libexec/gcc/x86_64-pc-linux-gnu/8.3.0/lto-wrapper -plugin-opt=-fresolution=/tmp/ccQX6nVE.res -plugin-opt=-pass-through=-lgcc -plugin-opt=-pass-through=-lgcc_s -plugin-opt=-pass-through=-lc -plugin-opt=-pass-through=-lgcc -plugin-opt=-pass-through=-lgcc_s --eh-frame-hdr -m elf_x86_64 -export-dynamic -dynamic-linker /lib64/ld-linux-x86-64.so.2 -pie -o cmTC_9ecca /usr/lib/gcc/x86_64-pc-linux-gnu/8.3.0/../../../../lib64/Scrt1.o /usr/lib/gcc/x86_64-pc-linux-gnu/8.3.0/../../../../lib64/crti.o /usr/lib/gcc/x86_64-pc-linux-gnu/8.3.0/crtbeginS.o -L/usr/lib/gcc/x86_64-pc-linux-gnu/8.3.0 -L/usr/lib/gcc/x86_64-pc-linux-gnu/8.3.0/../../../../lib64 -L/lib/../lib64 -L/usr/lib/../lib64 -L/usr/lib/gcc/x86_64-pc-linux-gnu/8.3.0/../../../../x86_64-pc-linux-gnu/lib -L/usr/lib/gcc/x86_64-pc-linux-gnu/8.3.0/../../.. CMakeFiles/cmTC_9ecca.dir/CMakeCCompilerABI.c.o -lgcc --as-needed -lgcc_s --no-as-needed -lc -lgcc --as-needed -lgcc_s --no-as-needed /usr/lib/gcc/x86_64-pc-linux-gnu/8.3.0/crtendS.o /usr/lib/gcc/x86_64-pc-linux-gnu/8.3.0/../../../../lib64/crtn.o
COLLECT_GCC_OPTIONS='-v' '-rdynamic' '-o' 'cmTC_9ecca' '-mtune=generic' '-march=x86-64'
gmake[1]: Leaving directory '/home/jbguerraz/Sources/libcmmk/build/CMakeFiles/CMakeTmp'


Parsed C implicit include dir info from above output: rv=done
  found start of include info
  found start of implicit include info
    add: [/usr/lib/gcc/x86_64-pc-linux-gnu/8.3.0/include]
    add: [/usr/lib/gcc/x86_64-pc-linux-gnu/8.3.0/include-fixed]
    add: [/usr/include]
  end of search list found
  collapse include dir [/usr/lib/gcc/x86_64-pc-linux-gnu/8.3.0/include] ==> [/usr/lib/gcc/x86_64-pc-linux-gnu/8.3.0/include]
  collapse include dir [/usr/lib/gcc/x86_64-pc-linux-gnu/8.3.0/include-fixed] ==> [/usr/lib/gcc/x86_64-pc-linux-gnu/8.3.0/include-fixed]
  collapse include dir [/usr/include] ==> [/usr/include]
  implicit include dirs: [/usr/lib/gcc/x86_64-pc-linux-gnu/8.3.0/include;/usr/lib/gcc/x86_64-pc-linux-gnu/8.3.0/include-fixed;/usr/include]


Parsed C implicit link information from above output:
  link line regex: [^( *|.*[/\])(ld|CMAKE_LINK_STARTFILE-NOTFOUND|([^/\]+-)?ld|collect2)[^/\]*( |$)]
  ignore line: [Change Dir: /home/jbguerraz/Sources/libcmmk/build/CMakeFiles/CMakeTmp]
  ignore line: []
  ignore line: [Run Build Command(s):/usr/bin/gmake cmTC_9ecca/fast ]
  ignore line: [/usr/bin/gmake -f CMakeFiles/cmTC_9ecca.dir/build.make CMakeFiles/cmTC_9ecca.dir/build]
  ignore line: [gmake[1]: Entering directory '/home/jbguerraz/Sources/libcmmk/build/CMakeFiles/CMakeTmp']
  ignore line: [Building C object CMakeFiles/cmTC_9ecca.dir/CMakeCCompilerABI.c.o]
  ignore line: [/usr/bin/cc   -v -o CMakeFiles/cmTC_9ecca.dir/CMakeCCompilerABI.c.o   -c /usr/share/cmake/Modules/CMakeCCompilerABI.c]
  ignore line: [Using built-in specs.]
  ignore line: [COLLECT_GCC=/usr/bin/cc]
  ignore line: [Target: x86_64-pc-linux-gnu]
  ignore line: [Configured with: /var/tmp/portage/sys-devel/gcc-8.3.0-r1/work/gcc-8.3.0/configure --host=x86_64-pc-linux-gnu --build=x86_64-pc-linux-gnu --prefix=/usr --bindir=/usr/x86_64-pc-linux-gnu/gcc-bin/8.3.0 --includedir=/usr/lib/gcc/x86_64-pc-linux-gnu/8.3.0/include --datadir=/usr/share/gcc-data/x86_64-pc-linux-gnu/8.3.0 --mandir=/usr/share/gcc-data/x86_64-pc-linux-gnu/8.3.0/man --infodir=/usr/share/gcc-data/x86_64-pc-linux-gnu/8.3.0/info --with-gxx-include-dir=/usr/lib/gcc/x86_64-pc-linux-gnu/8.3.0/include/g++-v8 --with-python-dir=/share/gcc-data/x86_64-pc-linux-gnu/8.3.0/python --enable-languages=c,c++,fortran --enable-obsolete --enable-secureplt --disable-werror --with-system-zlib --enable-nls --without-included-gettext --enable-checking=release --with-bugurl=https://bugs.gentoo.org/ --with-pkgversion='Gentoo 8.3.0-r1 p1.1' --disable-esp --enable-libstdcxx-time --enable-shared --enable-threads=posix --enable-__cxa_atexit --enable-clocale=gnu --enable-multilib --with-multilib-list=m32,m64 --disable-altivec --disable-fixed-point --enable-targets=all --enable-libgomp --disable-libmudflap --disable-libssp --disable-libmpx --disable-systemtap --enable-vtable-verify --enable-lto --without-isl --enable-default-pie --enable-default-ssp]
  ignore line: [Thread model: posix]
  ignore line: [gcc version 8.3.0 (Gentoo 8.3.0-r1 p1.1) ]
  ignore line: [COLLECT_GCC_OPTIONS='-v' '-o' 'CMakeFiles/cmTC_9ecca.dir/CMakeCCompilerABI.c.o' '-c' '-mtune=generic' '-march=x86-64']
  ignore line: [ /usr/libexec/gcc/x86_64-pc-linux-gnu/8.3.0/cc1 -quiet -v /usr/share/cmake/Modules/CMakeCCompilerABI.c -quiet -dumpbase CMakeCCompilerABI.c -mtune=generic -march=x86-64 -auxbase-strip CMakeFiles/cmTC_9ecca.dir/CMakeCCompilerABI.c.o -version -o /tmp/cc5SzquB.s]
  ignore line: [GNU C17 (Gentoo 8.3.0-r1 p1.1) version 8.3.0 (x86_64-pc-linux-gnu)]
  ignore line: [	compiled by GNU C version 8.3.0, GMP version 6.1.2, MPFR version 4.0.2, MPC version 1.1.0, isl version none]
  ignore line: [GGC heuristics: --param ggc-min-expand=100 --param ggc-min-heapsize=131072]
  ignore line: [ignoring nonexistent directory "/usr/local/include"]
  ignore line: [ignoring nonexistent directory "/usr/lib/gcc/x86_64-pc-linux-gnu/8.3.0/../../../../x86_64-pc-linux-gnu/include"]
  ignore line: [#include "..." search starts here:]
  ignore line: [#include <...> search starts here:]
  ignore line: [ /usr/lib/gcc/x86_64-pc-linux-gnu/8.3.0/include]
  ignore line: [ /usr/lib/gcc/x86_64-pc-linux-gnu/8.3.0/include-fixed]
  ignore line: [ /usr/include]
  ignore line: [End of search list.]
  ignore line: [GNU C17 (Gentoo 8.3.0-r1 p1.1) version 8.3.0 (x86_64-pc-linux-gnu)]
  ignore line: [	compiled by GNU C version 8.3.0, GMP version 6.1.2, MPFR version 4.0.2, MPC version 1.1.0, isl version none]
  ignore line: [GGC heuristics: --param ggc-min-expand=100 --param ggc-min-heapsize=131072]
  ignore line: [Compiler executable checksum: a442ffd29fec8a02e8f5d3a6d825b1da]
  ignore line: [COLLECT_GCC_OPTIONS='-v' '-o' 'CMakeFiles/cmTC_9ecca.dir/CMakeCCompilerABI.c.o' '-c' '-mtune=generic' '-march=x86-64']
  ignore line: [ /usr/lib/gcc/x86_64-pc-linux-gnu/8.3.0/../../../../x86_64-pc-linux-gnu/bin/as -v --64 -o CMakeFiles/cmTC_9ecca.dir/CMakeCCompilerABI.c.o /tmp/cc5SzquB.s]
  ignore line: [GNU assembler version 2.31.1 (x86_64-pc-linux-gnu) using BFD version (Gentoo 2.31.1 p5) 2.31.1]
  ignore line: [COMPILER_PATH=/usr/libexec/gcc/x86_64-pc-linux-gnu/8.3.0/:/usr/libexec/gcc/x86_64-pc-linux-gnu/8.3.0/:/usr/libexec/gcc/x86_64-pc-linux-gnu/:/usr/lib/gcc/x86_64-pc-linux-gnu/8.3.0/:/usr/lib/gcc/x86_64-pc-linux-gnu/:/usr/lib/gcc/x86_64-pc-linux-gnu/8.3.0/../../../../x86_64-pc-linux-gnu/bin/]
  ignore line: [LIBRARY_PATH=/usr/lib/gcc/x86_64-pc-linux-gnu/8.3.0/:/usr/lib/gcc/x86_64-pc-linux-gnu/8.3.0/../../../../lib64/:/lib/../lib64/:/usr/lib/../lib64/:/usr/lib/gcc/x86_64-pc-linux-gnu/8.3.0/../../../../x86_64-pc-linux-gnu/lib/:/usr/lib/gcc/x86_64-pc-linux-gnu/8.3.0/../../../:/lib/:/usr/lib/]
  ignore line: [COLLECT_GCC_OPTIONS='-v' '-o' 'CMakeFiles/cmTC_9ecca.dir/CMakeCCompilerABI.c.o' '-c' '-mtune=generic' '-march=x86-64']
  ignore line: [Linking C executable cmTC_9ecca]
  ignore line: [/usr/bin/cmake -E cmake_link_script CMakeFiles/cmTC_9ecca.dir/link.txt --verbose=1]
  ignore line: [/usr/bin/cc     -v -rdynamic CMakeFiles/cmTC_9ecca.dir/CMakeCCompilerABI.c.o  -o cmTC_9ecca ]
  ignore line: [Using built-in specs.]
  ignore line: [COLLECT_GCC=/usr/bin/cc]
  ignore line: [COLLECT_LTO_WRAPPER=/usr/libexec/gcc/x86_64-pc-linux-gnu/8.3.0/lto-wrapper]
  ignore line: [Target: x86_64-pc-linux-gnu]
  ignore line: [Configured with: /var/tmp/portage/sys-devel/gcc-8.3.0-r1/work/gcc-8.3.0/configure --host=x86_64-pc-linux-gnu --build=x86_64-pc-linux-gnu --prefix=/usr --bindir=/usr/x86_64-pc-linux-gnu/gcc-bin/8.3.0 --includedir=/usr/lib/gcc/x86_64-pc-linux-gnu/8.3.0/include --datadir=/usr/share/gcc-data/x86_64-pc-linux-gnu/8.3.0 --mandir=/usr/share/gcc-data/x86_64-pc-linux-gnu/8.3.0/man --infodir=/usr/share/gcc-data/x86_64-pc-linux-gnu/8.3.0/info --with-gxx-include-dir=/usr/lib/gcc/x86_64-pc-linux-gnu/8.3.0/include/g++-v8 --with-python-dir=/share/gcc-data/x86_64-pc-linux-gnu/8.3.0/python --enable-languages=c,c++,fortran --enable-obsolete --enable-secureplt --disable-werror --with-system-zlib --enable-nls --without-included-gettext --enable-checking=release --with-bugurl=https://bugs.gentoo.org/ --with-pkgversion='Gentoo 8.3.0-r1 p1.1' --disable-esp --enable-libstdcxx-time --enable-shared --enable-threads=posix --enable-__cxa_atexit --enable-clocale=gnu --enable-multilib --with-multilib-list=m32,m64 --disable-altivec --disable-fixed-point --enable-targets=all --enable-libgomp --disable-libmudflap --disable-libssp --disable-libmpx --disable-systemtap --enable-vtable-verify --enable-lto --without-isl --enable-default-pie --enable-default-ssp]
  ignore line: [Thread model: posix]
  ignore line: [gcc version 8.3.0 (Gentoo 8.3.0-r1 p1.1) ]
  ignore line: [COMPILER_PATH=/usr/libexec/gcc/x86_64-pc-linux-gnu/8.3.0/:/usr/libexec/gcc/x86_64-pc-linux-gnu/8.3.0/:/usr/libexec/gcc/x86_64-pc-linux-gnu/:/usr/lib/gcc/x86_64-pc-linux-gnu/8.3.0/:/usr/lib/gcc/x86_64-pc-linux-gnu/:/usr/lib/gcc/x86_64-pc-linux-gnu/8.3.0/../../../../x86_64-pc-linux-gnu/bin/]
  ignore line: [LIBRARY_PATH=/usr/lib/gcc/x86_64-pc-linux-gnu/8.3.0/:/usr/lib/gcc/x86_64-pc-linux-gnu/8.3.0/../../../../lib64/:/lib/../lib64/:/usr/lib/../lib64/:/usr/lib/gcc/x86_64-pc-linux-gnu/8.3.0/../../../../x86_64-pc-linux-gnu/lib/:/usr/lib/gcc/x86_64-pc-linux-gnu/8.3.0/../../../:/lib/:/usr/lib/]
  ignore line: [COLLECT_GCC_OPTIONS='-v' '-rdynamic' '-o' 'cmTC_9ecca' '-mtune=generic' '-march=x86-64']
  link line: [ /usr/libexec/gcc/x86_64-pc-linux-gnu/8.3.0/collect2 -plugin /usr/libexec/gcc/x86_64-pc-linux-gnu/8.3.0/liblto_plugin.so -plugin-opt=/usr/libexec/gcc/x86_64-pc-linux-gnu/8.3.0/lto-wrapper -plugin-opt=-fresolution=/tmp/ccQX6nVE.res -plugin-opt=-pass-through=-lgcc -plugin-opt=-pass-through=-lgcc_s -plugin-opt=-pass-through=-lc -plugin-opt=-pass-through=-lgcc -plugin-opt=-pass-through=-lgcc_s --eh-frame-hdr -m elf_x86_64 -export-dynamic -dynamic-linker /lib64/ld-linux-x86-64.so.2 -pie -o cmTC_9ecca /usr/lib/gcc/x86_64-pc-linux-gnu/8.3.0/../../../../lib64/Scrt1.o /usr/lib/gcc/x86_64-pc-linux-gnu/8.3.0/../../../../lib64/crti.o /usr/lib/gcc/x86_64-pc-linux-gnu/8.3.0/crtbeginS.o -L/usr/lib/gcc/x86_64-pc-linux-gnu/8.3.0 -L/usr/lib/gcc/x86_64-pc-linux-gnu/8.3.0/../../../../lib64 -L/lib/../lib64 -L/usr/lib/../lib64 -L/usr/lib/gcc/x86_64-pc-linux-gnu/8.3.0/../../../../x86_64-pc-linux-gnu/lib -L/usr/lib/gcc/x86_64-pc-linux-gnu/8.3.0/../../.. CMakeFiles/cmTC_9ecca.dir/CMakeCCompilerABI.c.o -lgcc --as-needed -lgcc_s --no-as-needed -lc -lgcc --as-needed -lgcc_s --no-as-needed /usr/lib/gcc/x86_64-pc-linux-gnu/8.3.0/crtendS.o /usr/lib/gcc/x86_64-pc-linux-gnu/8.3.0/../../../../lib64/crtn.o]
    arg [/usr/libexec/gcc/x86_64-pc-linux-gnu/8.3.0/collect2] ==> ignore
    arg [-plugin] ==> ignore
    arg [/usr/libexec/gcc/x86_64-pc-linux-gnu/8.3.0/liblto_plugin.so] ==> ignore
    arg [-plugin-opt=/usr/libexec/gcc/x86_64-pc-linux-gnu/8.3.0/lto-wrapper] ==> ignore
    arg [-plugin-opt=-fresolution=/tmp/ccQX6nVE.res] ==> ignore
    arg [-plugin-opt=-pass-through=-lgcc] ==> ignore
    arg [-plugin-opt=-pass-through=-lgcc_s] ==> ignore
    arg [-plugin-opt=-pass-through=-lc] ==> ignore
    arg [-plugin-opt=-pass-through=-lgcc] ==> ignore
    arg [-plugin-opt=-pass-through=-lgcc_s] ==> ignore
    arg [--eh-frame-hdr] ==> ignore
    arg [-m] ==> ignore
    arg [elf_x86_64] ==> ignore
    arg [-export-dynamic] ==> ignore
    arg [-dynamic-linker] ==> ignore
    arg [/lib64/ld-linux-x86-64.so.2] ==> ignore
    arg [-pie] ==> ignore
    arg [-o] ==> ignore
    arg [cmTC_9ecca] ==> ignore
    arg [/usr/lib/gcc/x86_64-pc-linux-gnu/8.3.0/../../../../lib64/Scrt1.o] ==> ignore
    arg [/usr/lib/gcc/x86_64-pc-linux-gnu/8.3.0/../../../../lib64/crti.o] ==> ignore
    arg [/usr/lib/gcc/x86_64-pc-linux-gnu/8.3.0/crtbeginS.o] ==> ignore
    arg [-L/usr/lib/gcc/x86_64-pc-linux-gnu/8.3.0] ==> dir [/usr/lib/gcc/x86_64-pc-linux-gnu/8.3.0]
    arg [-L/usr/lib/gcc/x86_64-pc-linux-gnu/8.3.0/../../../../lib64] ==> dir [/usr/lib/gcc/x86_64-pc-linux-gnu/8.3.0/../../../../lib64]
    arg [-L/lib/../lib64] ==> dir [/lib/../lib64]
    arg [-L/usr/lib/../lib64] ==> dir [/usr/lib/../lib64]
    arg [-L/usr/lib/gcc/x86_64-pc-linux-gnu/8.3.0/../../../../x86_64-pc-linux-gnu/lib] ==> dir [/usr/lib/gcc/x86_64-pc-linux-gnu/8.3.0/../../../../x86_64-pc-linux-gnu/lib]
    arg [-L/usr/lib/gcc/x86_64-pc-linux-gnu/8.3.0/../../..] ==> dir [/usr/lib/gcc/x86_64-pc-linux-gnu/8.3.0/../../..]
    arg [CMakeFiles/cmTC_9ecca.dir/CMakeCCompilerABI.c.o] ==> ignore
    arg [-lgcc] ==> lib [gcc]
    arg [--as-needed] ==> ignore
    arg [-lgcc_s] ==> lib [gcc_s]
    arg [--no-as-needed] ==> ignore
    arg [-lc] ==> lib [c]
    arg [-lgcc] ==> lib [gcc]
    arg [--as-needed] ==> ignore
    arg [-lgcc_s] ==> lib [gcc_s]
    arg [--no-as-needed] ==> ignore
    arg [/usr/lib/gcc/x86_64-pc-linux-gnu/8.3.0/crtendS.o] ==> ignore
    arg [/usr/lib/gcc/x86_64-pc-linux-gnu/8.3.0/../../../../lib64/crtn.o] ==> ignore
  collapse library dir [/usr/lib/gcc/x86_64-pc-linux-gnu/8.3.0] ==> [/usr/lib/gcc/x86_64-pc-linux-gnu/8.3.0]
  collapse library dir [/usr/lib/gcc/x86_64-pc-linux-gnu/8.3.0/../../../../lib64] ==> [/usr/lib64]
  collapse library dir [/lib/../lib64] ==> [/lib64]
  collapse library dir [/usr/lib/../lib64] ==> [/usr/lib64]
  collapse library dir [/usr/lib/gcc/x86_64-pc-linux-gnu/8.3.0/../../../../x86_64-pc-linux-gnu/lib] ==> [/usr/x86_64-pc-linux-gnu/lib]
  collapse library dir [/usr/lib/gcc/x86_64-pc-linux-gnu/8.3.0/../../..] ==> [/usr/lib]
  implicit libs: [gcc;gcc_s;c;gcc;gcc_s]
  implicit dirs: [/usr/lib/gcc/x86_64-pc-linux-gnu/8.3.0;/usr/lib64;/lib64;/usr/x86_64-pc-linux-gnu/lib;/usr/lib]
  implicit fwks: []




Detecting C [-std=c11] compiler features compiled with the following output:
Change Dir: /home/jbguerraz/Sources/libcmmk/build/CMakeFiles/CMakeTmp

Run Build Command(s):/usr/bin/gmake cmTC_fbd0c/fast 
/usr/bin/gmake -f CMakeFiles/cmTC_fbd0c.dir/build.make CMakeFiles/cmTC_fbd0c.dir/build
gmake[1]: Entering directory '/home/jbguerraz/Sources/libcmmk/build/CMakeFiles/CMakeTmp'
Building C object CMakeFiles/cmTC_fbd0c.dir/feature_tests.c.o
/usr/bin/cc   -std=c11 -o CMakeFiles/cmTC_fbd0c.dir/feature_tests.c.o   -c /home/jbguerraz/Sources/libcmmk/build/CMakeFiles/feature_tests.c
Linking C executable cmTC_fbd0c
/usr/bin/cmake -E cmake_link_script CMakeFiles/cmTC_fbd0c.dir/link.txt --verbose=1
/usr/bin/cc      -rdynamic CMakeFiles/cmTC_fbd0c.dir/feature_tests.c.o  -o cmTC_fbd0c 
gmake[1]: Leaving directory '/home/jbguerraz/Sources/libcmmk/build/CMakeFiles/CMakeTmp'


    Feature record: C_FEATURE:1c_function_prototypes
    Feature record: C_FEATURE:1c_restrict
    Feature record: C_FEATURE:1c_static_assert
    Feature record: C_FEATURE:1c_variadic_macros


Detecting C [-std=c99] compiler features compiled with the following output:
Change Dir: /home/jbguerraz/Sources/libcmmk/build/CMakeFiles/CMakeTmp

Run Build Command(s):/usr/bin/gmake cmTC_21398/fast 
/usr/bin/gmake -f CMakeFiles/cmTC_21398.dir/build.make CMakeFiles/cmTC_21398.dir/build
gmake[1]: Entering directory '/home/jbguerraz/Sources/libcmmk/build/CMakeFiles/CMakeTmp'
Building C object CMakeFiles/cmTC_21398.dir/feature_tests.c.o
/usr/bin/cc   -std=c99 -o CMakeFiles/cmTC_21398.dir/feature_tests.c.o   -c /home/jbguerraz/Sources/libcmmk/build/CMakeFiles/feature_tests.c
Linking C executable cmTC_21398
/usr/bin/cmake -E cmake_link_script CMakeFiles/cmTC_21398.dir/link.txt --verbose=1
/usr/bin/cc      -rdynamic CMakeFiles/cmTC_21398.dir/feature_tests.c.o  -o cmTC_21398 
gmake[1]: Leaving directory '/home/jbguerraz/Sources/libcmmk/build/CMakeFiles/CMakeTmp'


    Feature record: C_FEATURE:1c_function_prototypes
    Feature record: C_FEATURE:1c_restrict
    Feature record: C_FEATURE:0c_static_assert
    Feature record: C_FEATURE:1c_variadic_macros


Detecting C [-std=c90] compiler features compiled with the following output:
Change Dir: /home/jbguerraz/Sources/libcmmk/build/CMakeFiles/CMakeTmp

Run Build Command(s):/usr/bin/gmake cmTC_2b80c/fast 
/usr/bin/gmake -f CMakeFiles/cmTC_2b80c.dir/build.make CMakeFiles/cmTC_2b80c.dir/build
gmake[1]: Entering directory '/home/jbguerraz/Sources/libcmmk/build/CMakeFiles/CMakeTmp'
Building C object CMakeFiles/cmTC_2b80c.dir/feature_tests.c.o
/usr/bin/cc   -std=c90 -o CMakeFiles/cmTC_2b80c.dir/feature_tests.c.o   -c /home/jbguerraz/Sources/libcmmk/build/CMakeFiles/feature_tests.c
Linking C executable cmTC_2b80c
/usr/bin/cmake -E cmake_link_script CMakeFiles/cmTC_2b80c.dir/link.txt --verbose=1
/usr/bin/cc      -rdynamic CMakeFiles/cmTC_2b80c.dir/feature_tests.c.o  -o cmTC_2b80c 
gmake[1]: Leaving directory '/home/jbguerraz/Sources/libcmmk/build/CMakeFiles/CMakeTmp'


    Feature record: C_FEATURE:1c_function_prototypes
    Feature record: C_FEATURE:0c_restrict
    Feature record: C_FEATURE:0c_static_assert
    Feature record: C_FEATURE:0c_variadic_macros
